0 info it worked if it ends with ok
1 verbose cli [ 'node', '/usr/bin/npm', 'install', 'react-tools', '--save-dev' ]
2 info using npm@2.13.3
3 info using node@v0.10.37
4 verbose node symlink /usr/bin/node
5 verbose install initial load of /home/meyagen/Projects/js-tut/react-tut/app/package.json
6 verbose stack Error: Failed to parse json
6 verbose stack Unexpected token '/' at 6:5
6 verbose stack     // "start": "node ./bin/www",
6 verbose stack     ^
6 verbose stack     at parseError (/usr/lib/node_modules/npm/node_modules/read-package-json/read-json.js:379:11)
6 verbose stack     at parseJson (/usr/lib/node_modules/npm/node_modules/read-package-json/read-json.js:68:23)
6 verbose stack     at /usr/lib/node_modules/npm/node_modules/read-package-json/read-json.js:48:5
6 verbose stack     at evalmachine.<anonymous>:272:14
6 verbose stack     at /usr/lib/node_modules/npm/node_modules/read-package-json/node_modules/graceful-fs/graceful-fs.js:102:5
6 verbose stack     at Object.oncomplete (evalmachine.<anonymous>:108:15)
7 verbose cwd /home/meyagen/Projects/js-tut/react-tut/app
8 error Linux 3.16.0-44-generic
9 error argv "node" "/usr/bin/npm" "install" "react-tools" "--save-dev"
10 error node v0.10.37
11 error npm  v2.13.3
12 error file /home/meyagen/Projects/js-tut/react-tut/app/package.json
13 error code EJSONPARSE
14 error Failed to parse json
14 error Unexpected token '/' at 6:5
14 error     // "start": "node ./bin/www",
14 error     ^
15 error File: /home/meyagen/Projects/js-tut/react-tut/app/package.json
16 error Failed to parse package.json data.
16 error package.json must be actual JSON, not just JavaScript.
16 error
16 error This is not a bug in npm.
16 error Tell the package author to fix their package.json file. JSON.parse
17 verbose exit [ 1, true ]
